#
# There is insufficient memory for the Java Runtime Environment to continue.
# Native memory allocation (mmap) failed to map 3145728 bytes for G1 virtual space
# Possible reasons:
#   The system is out of physical RAM or swap space
#   The process is running with CompressedOops enabled, and the Java Heap may be blocking the growth of the native heap
# Possible solutions:
#   Reduce memory load on the system
#   Increase physical memory or swap space
#   Check if swap backing store is full
#   Decrease Java heap size (-Xmx/-Xms)
#   Decrease number of Java threads
#   Decrease Java thread stack sizes (-Xss)
#   Set larger code cache with -XX:ReservedCodeCacheSize=
#   JVM is running with Unscaled Compressed Oops mode in which the Java heap is
#     placed in the first 4GB address space. The Java Heap base address is the
#     maximum limit for the native heap growth. Please use -XX:HeapBaseMinAddress
#     to set the Java Heap base and to place the Java Heap above 4GB virtual address.
# This output file may be truncated or incomplete.
#
#  Out of Memory Error (os_windows.cpp:3552), pid=20544, tid=23080
#
# JRE version: Java(TM) SE Runtime Environment (17.0.9+11) (build 17.0.9+11-LTS-201)
# Java VM: Java HotSpot(TM) 64-Bit Server VM (17.0.9+11-LTS-201, mixed mode, sharing, tiered, compressed oops, compressed class ptrs, g1 gc, windows-amd64)
# No core dump will be written. Minidumps are not enabled by default on client versions of Windows
#

---------------  S U M M A R Y ------------

Command Line: -javaagent:C:\Program Files\JetBrains\IntelliJ IDEA Community Edition 2023.3\lib\idea_rt.jar=55513:C:\Program Files\JetBrains\IntelliJ IDEA Community Edition 2023.3\bin -Dfile.encoding=UTF-8 com.springosc.product.ProductServiceApplication

Host: 13th Gen Intel(R) Core(TM) i5-1335U, 12 cores, 7G,  Windows 11 , 64 bit Build 22621 (10.0.22621.3374)
Time: Fri May  3 12:25:51 2024 India Standard Time elapsed time: 49.926018 seconds (0d 0h 0m 49s)

---------------  T H R E A D  ---------------

Current thread (0x000001d9511a2de0):  VMThread "VM Thread" [stack: 0x0000007659b00000,0x0000007659c00000] [id=23080]

Stack: [0x0000007659b00000,0x0000007659c00000]
Native frames: (J=compiled Java code, j=interpreted, Vv=VM code, C=native code)
V  [jvm.dll+0x678a4a]
V  [jvm.dll+0x7d9cfd]
V  [jvm.dll+0x7db60e]
V  [jvm.dll+0x7dbc73]
V  [jvm.dll+0x245e1f]
V  [jvm.dll+0x6758f9]
V  [jvm.dll+0x66a2a2]
V  [jvm.dll+0x303686]
V  [jvm.dll+0x30ac06]
V  [jvm.dll+0x35a48e]
V  [jvm.dll+0x35a6bf]
V  [jvm.dll+0x2da678]
V  [jvm.dll+0x2dd716]
V  [jvm.dll+0x2e7f18]
V  [jvm.dll+0x31bb90]
V  [jvm.dll+0x7e048b]
V  [jvm.dll+0x7e11c4]
V  [jvm.dll+0x7e16dd]
V  [jvm.dll+0x7e1ab4]
V  [jvm.dll+0x7e1b80]
V  [jvm.dll+0x78998a]
V  [jvm.dll+0x677875]
C  [ucrtbase.dll+0x29333]
C  [KERNEL32.DLL+0x1257d]
C  [ntdll.dll+0x5aa48]

VM_Operation (0x00000076597ff420): G1Concurrent, mode: safepoint, requested by thread 0x000001d932eb4700


---------------  P R O C E S S  ---------------

Threads class SMR info:
_java_thread_list=0x000001d9a1983780, length=110, elements={
0x000001d9511a69e0, 0x000001d9511a9770, 0x000001d9511bc310, 0x000001d9511bccd0,
0x000001d9511bd690, 0x000001d9511be050, 0x000001d9511bed40, 0x000001d9511bf740,
0x000001d9511c2150, 0x000001d951190d70, 0x000001d951729530, 0x000001d951729a10,
0x000001d997299570, 0x000001d99729b3d0, 0x000001d99729c300, 0x000001d99729aec0,
0x000001d997298b50, 0x000001d997299060, 0x000001d997299a80, 0x000001d99729b8e0,
0x000001d997299f90, 0x000001d99729a4a0, 0x000001d951e5fbf0, 0x000001d951e65c20,
0x000001d951e62470, 0x000001d951e633a0, 0x000001d951e66130, 0x000001d951e61540,
0x000001d951e60b20, 0x000001d951e647e0, 0x000001d951e5ecc0, 0x000001d951e66640,
0x000001d951e61a50, 0x000001d951e62e90, 0x000001d951e61030, 0x000001d951e638b0,
0x000001d951e5f1d0, 0x000001d951e63dc0, 0x000001d951e64cf0, 0x000001d951e5f6e0,
0x000001d951e642d0, 0x000001d951e61f60, 0x000001d951e62980, 0x000001d951e65710,
0x000001d951e60100, 0x000001d951e65200, 0x000001d951e60610, 0x000001d9999e1000,
0x000001d9999e1f30, 0x000001d9999e2e60, 0x000001d9999e0af0, 0x000001d9999df6b0,
0x000001d9999e05e0, 0x000001d9999e51d0, 0x000001d9999dfbc0, 0x000001d9999e56e0,
0x000001d9999e6100, 0x000001d9999e3d90, 0x000001d9999e5bf0, 0x000001d9999e2440,
0x000001d9999e2950, 0x000001d9999e3370, 0x000001d9999e3880, 0x000001d9999e1510,
0x000001d9999e1a20, 0x000001d9999e47b0, 0x000001d998ea63d0, 0x000001d998eaaab0,
0x000001d998ea9b80, 0x000001d998eaa5a0, 0x000001d998ea8740, 0x000001d998eaa090,
0x000001d998ea7810, 0x000001d998ea5ec0, 0x000001d998ea9670, 0x000001d998eab4d0,
0x000001d998eab9e0, 0x000001d998ea4570, 0x000001d998ea4a80, 0x000001d998ea4f90,
0x000001d998ea68e0, 0x000001d998ea7d20, 0x000001d998ea6df0, 0x000001d998ea7300,
0x000001d99767b010, 0x000001d99767b520, 0x000001d997675f10, 0x000001d997678280,
0x000001d9976796c0, 0x000001d997676420, 0x000001d99767a5f0, 0x000001d9976754f0,
0x000001d997677d70, 0x000001d997678790, 0x000001d997676e40, 0x000001d997678ca0,
0x000001d99767c450, 0x000001d997677350, 0x000001d99767ab00, 0x000001d997679bd0,
0x000001d997675a00, 0x000001d99767a0e0, 0x000001d99767ba30, 0x000001d99767bf40,
0x000001d997674fe0, 0x000001d9976791b0, 0x000001d99767c960, 0x000001d998ea9160,
0x000001d999e83b50, 0x000001d999e863d0
}

Java Threads: ( => current thread )
  0x000001d9511a69e0 JavaThread "Reference Handler" daemon [_thread_blocked, id=20240, stack(0x0000007659c00000,0x0000007659d00000)]
  0x000001d9511a9770 JavaThread "Finalizer" daemon [_thread_blocked, id=28284, stack(0x0000007659d00000,0x0000007659e00000)]
  0x000001d9511bc310 JavaThread "Signal Dispatcher" daemon [_thread_blocked, id=33548, stack(0x0000007659e00000,0x0000007659f00000)]
  0x000001d9511bccd0 JavaThread "Attach Listener" daemon [_thread_blocked, id=30456, stack(0x0000007659f00000,0x000000765a000000)]
  0x000001d9511bd690 JavaThread "Service Thread" daemon [_thread_blocked, id=30904, stack(0x000000765a000000,0x000000765a100000)]
  0x000001d9511be050 JavaThread "Monitor Deflation Thread" daemon [_thread_blocked, id=27680, stack(0x000000765a100000,0x000000765a200000)]
  0x000001d9511bed40 JavaThread "C2 CompilerThread0" daemon [_thread_blocked, id=11144, stack(0x000000765a200000,0x000000765a300000)]
  0x000001d9511bf740 JavaThread "C1 CompilerThread0" daemon [_thread_blocked, id=10040, stack(0x000000765a300000,0x000000765a400000)]
  0x000001d9511c2150 JavaThread "Sweeper thread" daemon [_thread_blocked, id=22360, stack(0x000000765a400000,0x000000765a500000)]
  0x000001d951190d70 JavaThread "Common-Cleaner" daemon [_thread_blocked, id=3756, stack(0x000000765a500000,0x000000765a600000)]
  0x000001d951729530 JavaThread "Monitor Ctrl-Break" daemon [_thread_in_native, id=33152, stack(0x000000765a600000,0x000000765a700000)]
  0x000001d951729a10 JavaThread "Notification Thread" daemon [_thread_blocked, id=16160, stack(0x000000765a700000,0x000000765a800000)]
  0x000001d997299570 JavaThread "Catalina-utility-1" [_thread_blocked, id=24456, stack(0x000000765b700000,0x000000765b800000)]
  0x000001d99729b3d0 JavaThread "Catalina-utility-2" [_thread_blocked, id=19868, stack(0x000000765b800000,0x000000765b900000)]
  0x000001d99729c300 JavaThread "container-0" [_thread_blocked, id=27336, stack(0x000000765b900000,0x000000765ba00000)]
  0x000001d99729aec0 JavaThread "hz.hungry_kilby.scheduled.thread-" [_thread_blocked, id=12396, stack(0x000000765a900000,0x000000765aa00000)]
  0x000001d997298b50 JavaThread "hz.hungry_kilby.event-1" [_thread_blocked, id=17084, stack(0x000000765ba00000,0x000000765bb00000)]
  0x000001d997299060 JavaThread "hz.hungry_kilby.event-2" [_thread_blocked, id=32300, stack(0x000000765bb00000,0x000000765bc00000)]
  0x000001d997299a80 JavaThread "hz.hungry_kilby.event-3" [_thread_blocked, id=21964, stack(0x000000765bc00000,0x000000765bd00000)]
  0x000001d99729b8e0 JavaThread "hz.hungry_kilby.event-4" [_thread_blocked, id=21376, stack(0x000000765bd00000,0x000000765be00000)]
  0x000001d997299f90 JavaThread "hz.hungry_kilby.event-5" [_thread_blocked, id=28548, stack(0x000000765be00000,0x000000765bf00000)]
  0x000001d99729a4a0 JavaThread "hz.hungry_kilby.operation-parker" [_thread_blocked, id=2948, stack(0x000000765bf00000,0x000000765c000000)]
  0x000001d951e5fbf0 JavaThread "hz.hungry_kilby.cached.thread-1" [_thread_blocked, id=32364, stack(0x000000765c000000,0x000000765c100000)]
  0x000001d951e65c20 JavaThread "hz.hungry_kilby.cached.thread-2" [_thread_blocked, id=31800, stack(0x000000765c100000,0x000000765c200000)]
  0x000001d951e62470 JavaThread "hz.hungry_kilby.cached.thread-3" [_thread_blocked, id=26064, stack(0x000000765c200000,0x000000765c300000)]
  0x000001d951e633a0 JavaThread "hz.hungry_kilby.MetricsRegistry.thread-1" [_thread_blocked, id=21588, stack(0x000000765c300000,0x000000765c400000)]
  0x000001d951e66130 JavaThread "hz.hungry_kilby.MetricsRegistry.thread-2" [_thread_blocked, id=33432, stack(0x000000765c400000,0x000000765c500000)]
  0x000001d951e61540 JavaThread "hz.hungry_kilby.migration" [_thread_blocked, id=28292, stack(0x000000765c500000,0x000000765c600000)]
  0x000001d951e60b20 JavaThread "hz.hungry_kilby.InvocationMonitorThread" [_thread_blocked, id=29604, stack(0x000000765c600000,0x000000765c700000)]
  0x000001d951e647e0 JavaThread "hz.hungry_kilby.partition-operation.thread-0" [_thread_blocked, id=30212, stack(0x000000765c700000,0x000000765c800000)]
  0x000001d951e5ecc0 JavaThread "hz.hungry_kilby.partition-operation.thread-1" [_thread_blocked, id=15892, stack(0x000000765c800000,0x000000765c900000)]
  0x000001d951e66640 JavaThread "hz.hungry_kilby.partition-operation.thread-2" [_thread_blocked, id=8052, stack(0x000000765c900000,0x000000765ca00000)]
  0x000001d951e61a50 JavaThread "hz.hungry_kilby.partition-operation.thread-3" [_thread_blocked, id=25456, stack(0x000000765ca00000,0x000000765cb00000)]
  0x000001d951e62e90 JavaThread "hz.hungry_kilby.partition-operation.thread-4" [_thread_blocked, id=22892, stack(0x000000765cb00000,0x000000765cc00000)]
  0x000001d951e61030 JavaThread "hz.hungry_kilby.partition-operation.thread-5" [_thread_blocked, id=25924, stack(0x000000765cc00000,0x000000765cd00000)]
  0x000001d951e638b0 JavaThread "hz.hungry_kilby.partition-operation.thread-6" [_thread_blocked, id=24548, stack(0x000000765cd00000,0x000000765ce00000)]
  0x000001d951e5f1d0 JavaThread "hz.hungry_kilby.partition-operation.thread-7" [_thread_blocked, id=5832, stack(0x000000765ce00000,0x000000765cf00000)]
  0x000001d951e63dc0 JavaThread "hz.hungry_kilby.partition-operation.thread-8" [_thread_blocked, id=23672, stack(0x000000765cf00000,0x000000765d000000)]
  0x000001d951e64cf0 JavaThread "hz.hungry_kilby.partition-operation.thread-9" [_thread_blocked, id=4772, stack(0x000000765d000000,0x000000765d100000)]
  0x000001d951e5f6e0 JavaThread "hz.hungry_kilby.partition-operation.thread-10" [_thread_blocked, id=19184, stack(0x000000765d100000,0x000000765d200000)]
  0x000001d951e642d0 JavaThread "hz.hungry_kilby.partition-operation.thread-11" [_thread_blocked, id=28092, stack(0x000000765d200000,0x000000765d300000)]
  0x000001d951e61f60 JavaThread "hz.hungry_kilby.priority-generic-operation.thread-0" [_thread_blocked, id=2400, stack(0x000000765d300000,0x000000765d400000)]
  0x000001d951e62980 JavaThread "hz.hungry_kilby.generic-operation.thread-0" [_thread_blocked, id=6472, stack(0x000000765d400000,0x000000765d500000)]
  0x000001d951e65710 JavaThread "hz.hungry_kilby.generic-operation.thread-1" [_thread_blocked, id=26564, stack(0x000000765d500000,0x000000765d600000)]
  0x000001d951e60100 JavaThread "hz.hungry_kilby.generic-operation.thread-2" [_thread_blocked, id=1472, stack(0x000000765d600000,0x000000765d700000)]
  0x000001d951e65200 JavaThread "hz.hungry_kilby.generic-operation.thread-3" [_thread_blocked, id=19404, stack(0x000000765d700000,0x000000765d800000)]
  0x000001d951e60610 JavaThread "hz.hungry_kilby.generic-operation.thread-4" [_thread_blocked, id=29232, stack(0x000000765d800000,0x000000765d900000)]
  0x000001d9999e1000 JavaThread "hz.hungry_kilby.generic-operation.thread-5" [_thread_blocked, id=32344, stack(0x000000765d900000,0x000000765da00000)]
  0x000001d9999e1f30 JavaThread "hz.hungry_kilby.response-0" [_thread_blocked, id=7004, stack(0x000000765da00000,0x000000765db00000)]
  0x000001d9999e2e60 JavaThread "hz.hungry_kilby.response-1" [_thread_blocked, id=34328, stack(0x000000765db00000,0x000000765dc00000)]
  0x000001d9999e0af0 JavaThread "hz.hungry_kilby.SlowOperationDetectorThread" [_thread_blocked, id=34156, stack(0x000000765dc00000,0x000000765dd00000)]
  0x000001d9999df6b0 JavaThread "hz.hungry_kilby.IO.thread-in-0" [_thread_blocked, id=5280, stack(0x000000765dd00000,0x000000765de00000)]
  0x000001d9999e05e0 JavaThread "hz.hungry_kilby.IO.thread-in-1" [_thread_blocked, id=9756, stack(0x000000765de00000,0x000000765df00000)]
  0x000001d9999e51d0 JavaThread "hz.hungry_kilby.IO.thread-in-2" [_thread_in_native, id=9284, stack(0x000000765df00000,0x000000765e000000)]
  0x000001d9999dfbc0 JavaThread "hz.hungry_kilby.IO.thread-out-0" [_thread_in_native, id=16056, stack(0x000000765e000000,0x000000765e100000)]
  0x000001d9999e56e0 JavaThread "hz.hungry_kilby.IO.thread-out-1" [_thread_in_native, id=21988, stack(0x000000765e100000,0x000000765e200000)]
  0x000001d9999e6100 JavaThread "hz.hungry_kilby.IO.thread-out-2" [_thread_in_native, id=25068, stack(0x000000765e200000,0x000000765e300000)]
  0x000001d9999e3d90 JavaThread "hz.hungry_kilby.IO.BalancerThread" [_thread_blocked, id=13004, stack(0x000000765e300000,0x000000765e400000)]
  0x000001d9999e5bf0 JavaThread "hz.hungry_kilby.IO.thread-Acceptor" [_thread_in_native, id=31012, stack(0x000000765e400000,0x000000765e500000)]
  0x000001d9999e2440 JavaThread "hz.hungry_kilby.MulticastThread" [_thread_in_native, id=10788, stack(0x000000765e500000,0x000000765e600000)]
  0x000001d9999e2950 JavaThread "hz.hungry_kilby.TcpServer.thread-1" [_thread_blocked, id=24088, stack(0x000000765e600000,0x000000765e700000)]
  0x000001d9999e3370 JavaThread "hz.hungry_kilby.TcpServer.thread-2" [_thread_blocked, id=14760, stack(0x000000765e800000,0x000000765e900000)]
  0x000001d9999e3880 JavaThread "hz.hungry_kilby.cached.thread-4" [_thread_blocked, id=17276, stack(0x000000765e900000,0x000000765ea00000)]
  0x000001d9999e1510 JavaThread "hz.hungry_kilby.cached.thread-5" [_thread_blocked, id=33912, stack(0x000000765ea00000,0x000000765eb00000)]
  0x000001d9999e1a20 JavaThread "hz.hungry_kilby.HealthMonitor" daemon [_thread_blocked, id=22560, stack(0x000000765eb00000,0x000000765ec00000)]
  0x000001d9999e47b0 JavaThread "hz.hungry_kilby.cached.thread-6" [_thread_blocked, id=14960, stack(0x000000765ec00000,0x000000765ed00000)]
  0x000001d998ea63d0 JavaThread "hz.hungry_kilby.cached.thread-7" [_thread_blocked, id=26172, stack(0x000000765ed00000,0x000000765ee00000)]
  0x000001d998eaaab0 JavaThread "hz.hungry_kilby.cached.thread-8" [_thread_blocked, id=33440, stack(0x000000765ee00000,0x000000765ef00000)]
  0x000001d998ea9b80 JavaThread "hz.hungry_kilby.cached.thread-9" [_thread_blocked, id=21952, stack(0x000000765ef00000,0x000000765f000000)]
  0x000001d998eaa5a0 JavaThread "hz.hungry_kilby.cached.thread-10" [_thread_blocked, id=29712, stack(0x000000765f000000,0x000000765f100000)]
  0x000001d998ea8740 JavaThread "hz.hungry_kilby.cached.thread-11" [_thread_blocked, id=20084, stack(0x000000765f100000,0x000000765f200000)]
  0x000001d998eaa090 JavaThread "mysql-cj-abandoned-connection-cleanup" daemon [_thread_blocked, id=25908, stack(0x000000765f200000,0x000000765f300000)]
  0x000001d998ea7810 JavaThread "HikariPool-1 housekeeper" daemon [_thread_blocked, id=33824, stack(0x000000765f300000,0x000000765f400000)]
  0x000001d998ea5ec0 JavaThread "Thread-4" [_thread_blocked, id=29732, stack(0x000000765f400000,0x000000765f500000)]
  0x000001d998ea9670 JavaThread "File Watcher" daemon [_thread_blocked, id=22652, stack(0x000000765f500000,0x000000765f600000)]
  0x000001d998eab4d0 JavaThread "http-nio-8086-exec-1" daemon [_thread_blocked, id=21484, stack(0x000000765f600000,0x000000765f700000)]
  0x000001d998eab9e0 JavaThread "http-nio-8086-exec-2" daemon [_thread_blocked, id=8508, stack(0x000000765f800000,0x000000765f900000)]
  0x000001d998ea4570 JavaThread "http-nio-8086-exec-3" daemon [_thread_blocked, id=30884, stack(0x000000765f900000,0x000000765fa00000)]
  0x000001d998ea4a80 JavaThread "http-nio-8086-exec-4" daemon [_thread_blocked, id=20936, stack(0x000000765fa00000,0x000000765fb00000)]
  0x000001d998ea4f90 JavaThread "http-nio-8086-exec-5" daemon [_thread_blocked, id=25516, stack(0x000000765fb00000,0x000000765fc00000)]
  0x000001d998ea68e0 JavaThread "http-nio-8086-exec-6" daemon [_thread_blocked, id=27860, stack(0x000000765fc00000,0x000000765fd00000)]
  0x000001d998ea7d20 JavaThread "http-nio-8086-exec-7" daemon [_thread_blocked, id=1344, stack(0x000000765fd00000,0x000000765fe00000)]
  0x000001d998ea6df0 JavaThread "http-nio-8086-exec-8" daemon [_thread_blocked, id=14792, stack(0x000000765fe00000,0x000000765ff00000)]
  0x000001d998ea7300 JavaThread "http-nio-8086-exec-9" daemon [_thread_blocked, id=33612, stack(0x000000765ff00000,0x0000007660000000)]
  0x000001d99767b010 JavaThread "http-nio-8086-exec-10" daemon [_thread_blocked, id=16760, stack(0x0000007660000000,0x0000007660100000)]
  0x000001d99767b520 JavaThread "http-nio-8086-Poller" daemon [_thread_blocked, id=15784, stack(0x0000007660100000,0x0000007660200000)]
  0x000001d997675f10 JavaThread "http-nio-8086-Acceptor" daemon [_thread_in_native, id=23784, stack(0x0000007660200000,0x0000007660300000)]
  0x000001d997678280 JavaThread "ThreadPoolTaskScheduler-1" [_thread_blocked, id=26292, stack(0x0000007660300000,0x0000007660400000)]
  0x000001d9976796c0 JavaThread "org.springframework.kafka.KafkaListenerEndpointContainer#2-0-C-1" [_thread_blocked, id=34224, stack(0x0000007660400000,0x0000007660500000)]
  0x000001d997676420 JavaThread "ThreadPoolTaskScheduler-1" [_thread_blocked, id=34708, stack(0x0000007660500000,0x0000007660600000)]
  0x000001d99767a5f0 JavaThread "org.springframework.kafka.KafkaListenerEndpointContainer#0-0-C-1" [_thread_blocked, id=4404, stack(0x0000007660600000,0x0000007660700000)]
  0x000001d9976754f0 JavaThread "ThreadPoolTaskScheduler-1" [_thread_blocked, id=32288, stack(0x0000007660700000,0x0000007660800000)]
  0x000001d997677d70 JavaThread "org.springframework.kafka.KafkaListenerEndpointContainer#1-0-C-1" [_thread_blocked, id=18812, stack(0x0000007660800000,0x0000007660900000)]
  0x000001d997678790 JavaThread "kafka-coordinator-heartbeat-thread | product-Viewed" daemon [_thread_blocked, id=6128, stack(0x0000007660900000,0x0000007660a00000)]
  0x000001d997676e40 JavaThread "kafka-coordinator-heartbeat-thread | product-view-group" daemon [_thread_blocked, id=29212, stack(0x0000007660a00000,0x0000007660b00000)]
  0x000001d997678ca0 JavaThread "kafka-coordinator-heartbeat-thread | product-data" daemon [_thread_blocked, id=26716, stack(0x0000007660b00000,0x0000007660c00000)]
  0x000001d99767c450 JavaThread "grpc-nio-boss-ELG-3-1" daemon [_thread_in_native, id=31224, stack(0x0000007660c00000,0x0000007660d00000)]
  0x000001d997677350 JavaThread "grpc-server-container-0" [_thread_blocked, id=29768, stack(0x000000765f700000,0x000000765f800000)]
  0x000001d99767ab00 JavaThread "kafka-producer-network-thread | producer-1" daemon [_thread_in_native, id=26396, stack(0x0000007660d00000,0x0000007660e00000)]
  0x000001d997679bd0 JavaThread "grpc-nio-worker-ELG-1-1" daemon [_thread_in_native, id=32804, stack(0x0000007660e00000,0x0000007660f00000)]
  0x000001d997675a00 JavaThread "grpc-nio-worker-ELG-1-2" daemon [_thread_in_native, id=8480, stack(0x0000007660f00000,0x0000007661000000)]
  0x000001d99767a0e0 JavaThread "grpc-default-executor-0" daemon [_thread_blocked, id=20616, stack(0x0000007661000000,0x0000007661100000)]
  0x000001d99767ba30 JavaThread "hz.hungry_kilby.async.thread-2" [_thread_blocked, id=6948, stack(0x0000007661100000,0x0000007661200000)]
  0x000001d99767bf40 JavaThread "hz.hungry_kilby.async.thread-1" [_thread_blocked, id=32912, stack(0x0000007661200000,0x0000007661300000)]
  0x000001d997674fe0 JavaThread "ForkJoinPool.commonPool-worker-2" daemon [_thread_blocked, id=32792, stack(0x0000007661300000,0x0000007661400000)]
  0x000001d9976791b0 JavaThread "ForkJoinPool.commonPool-worker-1" daemon [_thread_blocked, id=33752, stack(0x0000007661400000,0x0000007661500000)]
  0x000001d99767c960 JavaThread "hz.hungry_kilby.async.thread-3" [_thread_blocked, id=26340, stack(0x0000007661500000,0x0000007661600000)]
  0x000001d998ea9160 JavaThread "DestroyJavaVM" [_thread_blocked, id=26484, stack(0x0000007659500000,0x0000007659600000)]
  0x000001d999e83b50 JavaThread "grpc-nio-worker-ELG-1-3" daemon [_thread_in_native, id=19104, stack(0x0000007661600000,0x0000007661700000)]
  0x000001d999e863d0 JavaThread "grpc-nio-worker-ELG-1-4" daemon [_thread_in_native, id=27044, stack(0x0000007661700000,0x0000007661800000)]

Other Threads:
=>0x000001d9511a2de0 VMThread "VM Thread" [stack: 0x0000007659b00000,0x0000007659c00000] [id=23080]
  0x000001d95164b1d0 WatcherThread [stack: 0x000000765a800000,0x000000765a900000] [id=16732]
  0x000001d932ea4170 GCTaskThread "GC Thread#0" [stack: 0x0000007659600000,0x0000007659700000] [id=19004]
  0x000001d997177c60 GCTaskThread "GC Thread#1" [stack: 0x000000765aa00000,0x000000765ab00000] [id=7000]
  0x000001d9973390a0 GCTaskThread "GC Thread#2" [stack: 0x000000765ab00000,0x000000765ac00000] [id=26476]
  0x000001d997339360 GCTaskThread "GC Thread#3" [stack: 0x000000765ac00000,0x000000765ad00000] [id=28316]
  0x000001d997339e40 GCTaskThread "GC Thread#4" [stack: 0x000000765ad00000,0x000000765ae00000] [id=29020]
  0x000001d997466be0 GCTaskThread "GC Thread#5" [stack: 0x000000765b100000,0x000000765b200000] [id=21936]
  0x000001d997329d00 GCTaskThread "GC Thread#6" [stack: 0x000000765b200000,0x000000765b300000] [id=31936]
  0x000001d997451110 GCTaskThread "GC Thread#7" [stack: 0x000000765b300000,0x000000765b400000] [id=24076]
  0x000001d9977fdca0 GCTaskThread "GC Thread#8" [stack: 0x000000765b400000,0x000000765b500000] [id=19688]
  0x000001d9983e26e0 GCTaskThread "GC Thread#9" [stack: 0x000000765b000000,0x000000765b100000] [id=33436]
  0x000001d932eb4700 ConcurrentGCThread "G1 Main Marker" [stack: 0x0000007659700000,0x0000007659800000] [id=14128]
  0x000001d932eb68d0 ConcurrentGCThread "G1 Conc#0" [stack: 0x0000007659800000,0x0000007659900000] [id=30532]
  0x000001d99817fe00 ConcurrentGCThread "G1 Conc#1" [stack: 0x000000765b500000,0x000000765b600000] [id=25552]
  0x000001d9984106b0 ConcurrentGCThread "G1 Conc#2" [stack: 0x000000765b600000,0x000000765b700000] [id=16260]
  0x000001d95104c110 ConcurrentGCThread "G1 Refine#0" [stack: 0x0000007659900000,0x0000007659a00000] [id=21216]
  0x000001d95104cb40 ConcurrentGCThread "G1 Service" [stack: 0x0000007659a00000,0x0000007659b00000] [id=13716]

Threads with active compile tasks:
C2 CompilerThread0    50058 9930       4       com.hazelcast.internal.metrics.MetricTarget::bitset (40 bytes)

VM state: at safepoint (normal execution)

VM Mutex/Monitor currently owned by a thread:  ([mutex/lock_event])
[0x000001d932e45930] Threads_lock - owner thread: 0x000001d9511a2de0
[0x000001d932e46980] Heap_lock - owner thread: 0x000001d932eb4700

Heap address: 0x0000000084e00000, size: 1970 MB, Compressed Oops mode: 32-bit

CDS archive(s) mapped at: [0x000001d952000000-0x000001d952bd0000-0x000001d952bd0000), size 12386304, SharedBaseAddress: 0x000001d952000000, ArchiveRelocationMode: 1.
Compressed class space mapped at: 0x000001d953000000-0x000001d993000000, reserved size: 1073741824
Narrow klass base: 0x000001d952000000, Narrow klass shift: 0, Narrow klass range: 0x100000000

GC Precious Log:
 CPUs: 12 total, 12 available
 Memory: 7876M
 Large Page Support: Disabled
 NUMA Support: Disabled
 Compressed Oops: Enabled (32-bit)
 Heap Region Size: 1M
 Heap Min Capacity: 8M
 Heap Initial Capacity: 124M
 Heap Max Capacity: 1970M
 Pre-touch: Disabled
 Parallel Workers: 10
 Concurrent Workers: 3
 Concurrent Refinement Workers: 10
 Periodic GC: Disabled

Heap:
 garbage-first heap   total 91136K, used 53469K [0x0000000084e00000, 0x0000000100000000)
  region size 1024K, 3 young (3072K), 2 survivors (2048K)
 Metaspace       used 113670K, committed 114368K, reserved 1179648K
  class space    used 15325K, committed 15680K, reserved 1048576K

Heap Regions: E=young(eden), S=young(survivor), O=old, HS=humongous(starts), HC=humongous(continues), CS=collection set, F=free, OA=open archive, CA=closed archive, TAMS=top-at-mark-start (previous, next)
|   0|0x0000000084e00000, 0x0000000084f00000, 0x0000000084f00000|100%|HS|  |TAMS 0x0000000084f00000, 0x0000000084e00000| Complete 
|   1|0x0000000084f00000, 0x0000000085000000, 0x0000000085000000|100%|HS|  |TAMS 0x0000000085000000, 0x0000000084f00000| Complete 
|   2|0x0000000085000000, 0x0000000085100000, 0x0000000085100000|100%|HC|  |TAMS 0x0000000085100000, 0x0000000085000000| Complete 
|   3|0x0000000085100000, 0x0000000085200000, 0x0000000085200000|100%| O|  |TAMS 0x0000000085200000, 0x0000000085100000| Updating 
|   4|0x0000000085200000, 0x0000000085300000, 0x0000000085300000|100%| O|  |TAMS 0x0000000085300000, 0x0000000085200000| Untracked 
|   5|0x0000000085300000, 0x0000000085400000, 0x0000000085400000|100%| O|  |TAMS 0x0000000085400000, 0x0000000085300000| Untracked 
|   6|0x0000000085400000, 0x0000000085500000, 0x0000000085500000|100%| O|  |TAMS 0x0000000085500000, 0x0000000085400000| Untracked 
|   7|0x0000000085500000, 0x0000000085600000, 0x0000000085600000|100%| O|  |TAMS 0x0000000085600000, 0x0000000085500000| Untracked 
|   8|0x0000000085600000, 0x0000000085700000, 0x0000000085700000|100%| O|  |TAMS 0x0000000085700000, 0x0000000085600000| Untracked 
|   9|0x0000000085700000, 0x0000000085800000, 0x0000000085800000|100%| O|  |TAMS 0x0000000085800000, 0x0000000085700000| Untracked 
|  10|0x0000000085800000, 0x0000000085800000, 0x0000000085900000|  0%| F|  |TAMS 0x0000000085800000, 0x0000000085800000| Untracked 
|  11|0x0000000085900000, 0x0000000085a00000, 0x0000000085a00000|100%| O|  |TAMS 0x0000000085a00000, 0x0000000085900000| Untracked 
|  12|0x0000000085a00000, 0x0000000085b00000, 0x0000000085b00000|100%| O|  |TAMS 0x0000000085b00000, 0x0000000085a00000| Untracked 
|  13|0x0000000085b00000, 0x0000000085c00000, 0x0000000085c00000|100%| O|  |TAMS 0x0000000085c00000, 0x0000000085b00000| Untracked 
|  14|0x0000000085c00000, 0x0000000085d00000, 0x0000000085d00000|100%| O|  |TAMS 0x0000000085d00000, 0x0000000085c00000| Updating 
|  15|0x0000000085d00000, 0x0000000085e00000, 0x0000000085e00000|100%| O|  |TAMS 0x0000000085e00000, 0x0000000085d00000| Updating 
|  16|0x0000000085e00000, 0x0000000085f00000, 0x0000000085f00000|100%| O|  |TAMS 0x0000000085f00000, 0x0000000085e00000| Untracked 
|  17|0x0000000085f00000, 0x0000000086000000, 0x0000000086000000|100%| O|  |TAMS 0x0000000086000000, 0x0000000085f00000| Updating 
|  18|0x0000000086000000, 0x0000000086100000, 0x0000000086100000|100%| O|  |TAMS 0x0000000086100000, 0x0000000086000000| Untracked 
|  19|0x0000000086100000, 0x0000000086200000, 0x0000000086200000|100%| O|  |TAMS 0x0000000086200000, 0x0000000086100000| Updating 
|  20|0x0000000086200000, 0x0000000086300000, 0x0000000086300000|100%| O|  |TAMS 0x0000000086300000, 0x0000000086200000| Updating 
|  21|0x0000000086300000, 0x0000000086400000, 0x0000000086400000|100%| O|  |TAMS 0x0000000086400000, 0x0000000086300000| Untracked 
|  22|0x0000000086400000, 0x0000000086500000, 0x0000000086500000|100%| O|  |TAMS 0x0000000086500000, 0x0000000086400000| Updating 
|  23|0x0000000086500000, 0x0000000086600000, 0x0000000086600000|100%| O|  |TAMS 0x0000000086600000, 0x0000000086500000| Untracked 
|  24|0x0000000086600000, 0x0000000086700000, 0x0000000086700000|100%| O|  |TAMS 0x0000000086700000, 0x0000000086600000| Updating 
|  25|0x0000000086700000, 0x0000000086800000, 0x0000000086800000|100%| O|  |TAMS 0x0000000086800000, 0x0000000086700000| Untracked 
|  26|0x0000000086800000, 0x0000000086900000, 0x0000000086900000|100%| O|  |TAMS 0x0000000086900000, 0x0000000086800000| Untracked 
|  27|0x0000000086900000, 0x0000000086a00000, 0x0000000086a00000|100%| O|  |TAMS 0x0000000086a00000, 0x0000000086900000| Updating 
|  28|0x0000000086a00000, 0x0000000086b00000, 0x0000000086b00000|100%| O|  |TAMS 0x0000000086b00000, 0x0000000086a00000| Untracked 
|  29|0x0000000086b00000, 0x0000000086c00000, 0x0000000086c00000|100%| O|  |TAMS 0x0000000086c00000, 0x0000000086b00000| Updating 
|  30|0x0000000086c00000, 0x0000000086d00000, 0x0000000086d00000|100%| O|  |TAMS 0x0000000086d00000, 0x0000000086c00000| Untracked 
|  31|0x0000000086d00000, 0x0000000086e00000, 0x0000000086e00000|100%| O|  |TAMS 0x0000000086e00000, 0x0000000086d00000| Untracked 
|  32|0x0000000086e00000, 0x0000000086f00000, 0x0000000086f00000|100%| O|  |TAMS 0x0000000086f00000, 0x0000000086e00000| Untracked 
|  33|0x0000000086f00000, 0x0000000087000000, 0x0000000087000000|100%| O|  |TAMS 0x0000000087000000, 0x0000000086f00000| Untracked 
|  34|0x0000000087000000, 0x0000000087100000, 0x0000000087100000|100%| O|  |TAMS 0x0000000087100000, 0x0000000087000000| Untracked 
|  35|0x0000000087100000, 0x0000000087200000, 0x0000000087200000|100%| O|  |TAMS 0x0000000087200000, 0x0000000087100000| Untracked 
|  36|0x0000000087200000, 0x0000000087300000, 0x0000000087300000|100%| O|  |TAMS 0x0000000087300000, 0x0000000087200000| Untracked 
|  37|0x0000000087300000, 0x0000000087400000, 0x0000000087400000|100%| O|  |TAMS 0x0000000087400000, 0x0000000087300000| Untracked 
|  38|0x0000000087400000, 0x0000000087500000, 0x0000000087500000|100%| O|  |TAMS 0x0000000087500000, 0x0000000087400000| Updating 
|  39|0x0000000087500000, 0x0000000087600000, 0x0000000087600000|100%| O|  |TAMS 0x0000000087600000, 0x0000000087500000| Untracked 
|  40|0x0000000087600000, 0x0000000087700000, 0x0000000087700000|100%| O|  |TAMS 0x0000000087700000, 0x0000000087600000| Untracked 
|  41|0x0000000087700000, 0x0000000087800000, 0x0000000087800000|100%| O|  |TAMS 0x0000000087800000, 0x0000000087700000| Untracked 
|  42|0x0000000087800000, 0x0000000087900000, 0x0000000087900000|100%| O|  |TAMS 0x0000000087900000, 0x0000000087800000| Untracked 
|  43|0x0000000087900000, 0x0000000087a00000, 0x0000000087a00000|100%| O|  |TAMS 0x0000000087a00000, 0x0000000087900000| Untracked 
|  44|0x0000000087a00000, 0x0000000087b00000, 0x0000000087b00000|100%| O|  |TAMS 0x0000000087b00000, 0x0000000087a00000| Untracked 
|  45|0x0000000087b00000, 0x0000000087c00000, 0x0000000087c00000|100%| O|  |TAMS 0x0000000087c00000, 0x0000000087b00000| Untracked 
|  46|0x0000000087c00000, 0x0000000087d00000, 0x0000000087d00000|100%| O|  |TAMS 0x0000000087d00000, 0x0000000087c00000| Untracked 
|  47|0x0000000087d00000, 0x0000000087e00000, 0x0000000087e00000|100%| O|  |TAMS 0x0000000087e00000, 0x0000000087d00000| Untracked 
|  48|0x0000000087e00000, 0x0000000087f00000, 0x0000000087f00000|100%| O|  |TAMS 0x0000000087f00000, 0x0000000087e00000| Untracked 
|  49|0x0000000087f00000, 0x0000000088000000, 0x0000000088000000|100%| O|  |TAMS 0x0000000088000000, 0x0000000087f00000| Untracked 
|  50|0x0000000088000000, 0x0000000088100000, 0x0000000088100000|100%| O|  |TAMS 0x0000000088100000, 0x0000000088000000| Updating 
|  51|0x0000000088100000, 0x0000000088200000, 0x0000000088200000|100%| O|  |TAMS 0x0000000088200000, 0x0000000088100000| Updating 
|  52|0x0000000088200000, 0x000000008820aa00, 0x0000000088300000|  4%| O|  |TAMS 0x000000008820aa00, 0x0000000088200000| Updating 
|  53|0x0000000088300000, 0x0000000088300000, 0x0000000088400000|  0%| F|  |TAMS 0x0000000088300000, 0x0000000088300000| Untracked 
|  54|0x0000000088400000, 0x0000000088400000, 0x0000000088500000|  0%| F|  |TAMS 0x0000000088400000, 0x0000000088400000| Untracked 
|  55|0x0000000088500000, 0x0000000088500000, 0x0000000088600000|  0%| F|  |TAMS 0x0000000088500000, 0x0000000088500000| Untracked 
|  56|0x0000000088600000, 0x0000000088600000, 0x0000000088700000|  0%| F|  |TAMS 0x0000000088600000, 0x0000000088600000| Untracked 
|  57|0x0000000088700000, 0x0000000088700000, 0x0000000088800000|  0%| F|  |TAMS 0x0000000088700000, 0x0000000088700000| Untracked 
|  58|0x0000000088800000, 0x0000000088800000, 0x0000000088900000|  0%| F|  |TAMS 0x0000000088800000, 0x0000000088800000| Untracked 
|  59|0x0000000088900000, 0x0000000088900000, 0x0000000088a00000|  0%| F|  |TAMS 0x0000000088900000, 0x0000000088900000| Untracked 
|  60|0x0000000088a00000, 0x0000000088a00000, 0x0000000088b00000|  0%| F|  |TAMS 0x0000000088a00000, 0x0000000088a00000| Untracked 
|  61|0x0000000088b00000, 0x0000000088b00000, 0x0000000088c00000|  0%| F|  |TAMS 0x0000000088b00000, 0x0000000088b00000| Untracked 
|  62|0x0000000088c00000, 0x0000000088c00000, 0x0000000088d00000|  0%| F|  |TAMS 0x0000000088c00000, 0x0000000088c00000| Untracked 
|  63|0x0000000088d00000, 0x0000000088d00000, 0x0000000088e00000|  0%| F|  |TAMS 0x0000000088d00000, 0x0000000088d00000| Untracked 
|  64|0x0000000088e00000, 0x0000000088e2cda0, 0x0000000088f00000| 17%| S|CS|TAMS 0x0000000088e00000, 0x0000000088e00000| Complete 
|  65|0x0000000088f00000, 0x0000000089000000, 0x0000000089000000|100%| S|CS|TAMS 0x0000000088f00000, 0x0000000088f00000| Complete 
|  66|0x0000000089000000, 0x0000000089000000, 0x0000000089100000|  0%| F|  |TAMS 0x0000000089000000, 0x0000000089000000| Untracked 
|  67|0x0000000089100000, 0x0000000089100000, 0x0000000089200000|  0%| F|  |TAMS 0x0000000089100000, 0x0000000089100000| Untracked 
|  68|0x0000000089200000, 0x0000000089200000, 0x0000000089300000|  0%| F|  |TAMS 0x0000000089200000, 0x0000000089200000| Untracked 
|  69|0x0000000089300000, 0x0000000089300000, 0x0000000089400000|  0%| F|  |TAMS 0x0000000089300000, 0x0000000089300000| Untracked 
|  70|0x0000000089400000, 0x0000000089400000, 0x0000000089500000|  0%| F|  |TAMS 0x0000000089400000, 0x0000000089400000| Untracked 
|  71|0x0000000089500000, 0x0000000089500000, 0x0000000089600000|  0%| F|  |TAMS 0x0000000089500000, 0x0000000089500000| Untracked 
|  72|0x0000000089600000, 0x0000000089600000, 0x0000000089700000|  0%| F|  |TAMS 0x0000000089600000, 0x0000000089600000| Untracked 
|  73|0x0000000089700000, 0x0000000089700000, 0x0000000089800000|  0%| F|  |TAMS 0x0000000089700000, 0x0000000089700000| Untracked 
|  74|0x0000000089800000, 0x0000000089800000, 0x0000000089900000|  0%| F|  |TAMS 0x0000000089800000, 0x0000000089800000| Untracked 
|  75|0x0000000089900000, 0x0000000089900000, 0x0000000089a00000|  0%| F|  |TAMS 0x0000000089900000, 0x0000000089900000| Untracked 
|  76|0x0000000089a00000, 0x0000000089a00000, 0x0000000089b00000|  0%| F|  |TAMS 0x0000000089a00000, 0x0000000089a00000| Untracked 
|  77|0x0000000089b00000, 0x0000000089b00000, 0x0000000089c00000|  0%| F|  |TAMS 0x0000000089b00000, 0x0000000089b00000| Untracked 
|  78|0x0000000089c00000, 0x0000000089c00000, 0x0000000089d00000|  0%| F|  |TAMS 0x0000000089c00000, 0x0000000089c00000| Untracked 
|  79|0x0000000089d00000, 0x0000000089d00000, 0x0000000089e00000|  0%| F|  |TAMS 0x0000000089d00000, 0x0000000089d00000| Untracked 
|  80|0x0000000089e00000, 0x0000000089e00000, 0x0000000089f00000|  0%| F|  |TAMS 0x0000000089e00000, 0x0000000089e00000| Untracked 
|  81|0x0000000089f00000, 0x0000000089f00000, 0x000000008a000000|  0%| F|  |TAMS 0x0000000089f00000, 0x0000000089f00000| Untracked 
|  82|0x000000008a000000, 0x000000008a000000, 0x000000008a100000|  0%| F|  |TAMS 0x000000008a000000, 0x000000008a000000| Untracked 
|  83|0x000000008a100000, 0x000000008a100000, 0x000000008a200000|  0%| F|  |TAMS 0x000000008a100000, 0x000000008a100000| Untracked 
|  84|0x000000008a200000, 0x000000008a200000, 0x000000008a300000|  0%| F|  |TAMS 0x000000008a200000, 0x000000008a200000| Untracked 
|  85|0x000000008a300000, 0x000000008a300000, 0x000000008a400000|  0%| F|  |TAMS 0x000000008a300000, 0x000000008a300000| Untracked 
|  86|0x000000008a400000, 0x000000008a400000, 0x000000008a500000|  0%| F|  |TAMS 0x000000008a400000, 0x000000008a400000| Untracked 
|  87|0x000000008a500000, 0x000000008a500000, 0x000000008a600000|  0%| F|  |TAMS 0x000000008a500000, 0x000000008a500000| Untracked 
| 123|0x000000008c900000, 0x000000008c9a5040, 0x000000008ca00000| 64%| E|  |TAMS 0x000000008c900000, 0x000000008c900000| Complete 

Card table byte_map: [0x000001d94a010000,0x000001d94a3f0000] _byte_map_base: 0x000001d949be9000

Marking Bits (Prev, Next): (CMBitMap*) 0x000001d932ea47d0, (CMBitMap*) 0x000001d932ea4790
 Prev Bits: [0x000001d94c6a0000, 0x000001d94e568000)
 Next Bits: [0x000001d94a7d0000, 0x000001d94c698000)

Polling page: 0x000001d932600000

Metaspace:

Usage:
  Non-class:     96.04 MB used.
      Class:     14.97 MB used.
       Both:    111.01 MB used.

Virtual space:
  Non-class space:      128.00 MB reserved,      96.38 MB ( 75%) committed,  2 nodes.
      Class space:        1.00 GB reserved,      15.31 MB (  1%) committed,  1 nodes.
             Both:        1.12 GB reserved,     111.69 MB ( 10%) committed. 

Chunk freelists:
   Non-Class:  15.35 MB
       Class:  773.00 KB
        Both:  16.11 MB

MaxMetaspaceSize: unlimited
CompressedClassSpaceSize: 1.00 GB
Initial GC threshold: 21.00 MB
Current GC threshold: 173.38 MB
CDS: on
MetaspaceReclaimPolicy: balanced
 - commit_granule_bytes: 65536.
 - commit_granule_words: 8192.
 - virtual_space_node_default_size: 8388608.
 - enlarge_chunks_in_place: 1.
 - new_chunks_are_fully_committed: 0.
 - uncommit_free_chunks: 1.
 - use_allocation_guard: 0.
 - handle_deallocations: 1.


Internal statistics:

num_allocs_failed_limit: 9.
num_arena_births: 954.
num_arena_deaths: 12.
num_vsnodes_births: 3.
num_vsnodes_deaths: 0.
num_space_committed: 1787.
num_space_uncommitted: 0.
num_chunks_returned_to_freelist: 26.
num_chunks_taken_from_freelist: 4927.
num_chunk_merges: 12.
num_chunk_splits: 3708.
num_chunks_enlarged: 3021.
num_inconsistent_stats: 0.

CodeHeap 'non-profiled nmethods': size=120000Kb used=5210Kb max_used=5396Kb free=114789Kb
 bounds [0x000001d9421a0000, 0x000001d9426f0000, 0x000001d9496d0000]
CodeHeap 'profiled nmethods': size=120000Kb used=16176Kb max_used=16176Kb free=103823Kb
 bounds [0x000001d93a6d0000, 0x000001d93b6a0000, 0x000001d941c00000]
CodeHeap 'non-nmethods': size=5760Kb used=1565Kb max_used=1595Kb free=4194Kb
 bounds [0x000001d941c00000, 0x000001d941e70000, 0x000001d9421a0000]
 total_blobs=9401 nmethods=8458 adapters=853
 compilation: enabled
              stopped_count=0, restarted_count=0
 full_count=0

Compilation events (20 events):
Event: 49.158 Thread 0x000001d9511bf740 9922       3       com.hazelcast.internal.metrics.impl.MetricDescriptorImpl$LookupView::prefix (8 bytes)
Event: 49.159 Thread 0x000001d9511bf740 nmethod 9922 0x000001d93b69bd90 code [0x000001d93b69bf20, 0x000001d93b69c058]
Event: 49.159 Thread 0x000001d9511bf740 9923       3       com.hazelcast.internal.metrics.impl.MetricDescriptorImpl$LookupView::metricName (8 bytes)
Event: 49.159 Thread 0x000001d9511bf740 nmethod 9923 0x000001d93b69c110 code [0x000001d93b69c2a0, 0x000001d93b69c3d8]
Event: 49.176 Thread 0x000001d9511bed40 nmethod 9919 0x000001d9425fbb10 code [0x000001d9425fbca0, 0x000001d9425fc4b8]
Event: 49.176 Thread 0x000001d9511bed40 9920       4       javax.management.ObjectName::hashCode (8 bytes)
Event: 49.182 Thread 0x000001d9511bed40 nmethod 9920 0x000001d9425fb610 code [0x000001d9425fb7a0, 0x000001d9425fb9b8]
Event: 49.190 Thread 0x000001d9511bed40 9924       4       java.lang.String::equals (56 bytes)
Event: 49.191 Thread 0x000001d9511bed40 nmethod 9924 0x000001d9425fb290 code [0x000001d9425fb400, 0x000001d9425fb5b8]
Event: 49.226 Thread 0x000001d9511bed40 9925       4       com.hazelcast.internal.metrics.impl.MetricsDictionary::getDictionaryId (72 bytes)
Event: 49.230 Thread 0x000001d9511bed40 nmethod 9925 0x000001d9425faa90 code [0x000001d9425fac20, 0x000001d9425fadc8]
Event: 49.230 Thread 0x000001d9511bed40 9926       4       java.util.zip.DeflaterOutputStream::deflate (36 bytes)
Event: 49.232 Thread 0x000001d9511bed40 nmethod 9926 0x000001d9423aff90 code [0x000001d9423b0120, 0x000001d9423b0258]
Event: 49.232 Thread 0x000001d9511bed40 9928   !   4       java.util.zip.Deflater::deflate (413 bytes)
Event: 49.234 Thread 0x000001d9511bf740 9931       3       java.util.stream.DistinctOps$1$2::accept (24 bytes)
Event: 49.234 Thread 0x000001d9511bf740 nmethod 9931 0x000001d93b69c490 code [0x000001d93b69c640, 0x000001d93b69c938]
Event: 49.237 Thread 0x000001d9511bed40 nmethod 9928 0x000001d9423af490 code [0x000001d9423af620, 0x000001d9423afba8]
Event: 49.237 Thread 0x000001d9511bed40 9930       4       com.hazelcast.internal.metrics.MetricTarget::bitset (40 bytes)
Event: 49.238 Thread 0x000001d9511bf740 9932       3       java.util.stream.Sink$ChainedInt::cancellationRequested (10 bytes)
Event: 49.238 Thread 0x000001d9511bf740 nmethod 9932 0x000001d93b69ca10 code [0x000001d93b69cbc0, 0x000001d93b69cd88]

GC Heap History (20 events):
Event: 27.580 GC heap before
{Heap before GC invocations=24 (full 0):
 garbage-first heap   total 73728K, used 57358K [0x0000000084e00000, 0x0000000100000000)
  region size 1024K, 17 young (17408K), 2 survivors (2048K)
 Metaspace       used 87826K, committed 88384K, reserved 1179648K
  class space    used 12200K, committed 12480K, reserved 1048576K
}
Event: 27.583 GC heap after
{Heap after GC invocations=25 (full 0):
 garbage-first heap   total 73728K, used 43051K [0x0000000084e00000, 0x0000000100000000)
  region size 1024K, 2 young (2048K), 2 survivors (2048K)
 Metaspace       used 87826K, committed 88384K, reserved 1179648K
  class space    used 12200K, committed 12480K, reserved 1048576K
}
Event: 28.138 GC heap before
{Heap before GC invocations=26 (full 0):
 garbage-first heap   total 76800K, used 59435K [0x0000000084e00000, 0x0000000100000000)
  region size 1024K, 18 young (18432K), 2 survivors (2048K)
 Metaspace       used 88810K, committed 89344K, reserved 1179648K
  class space    used 12359K, committed 12608K, reserved 1048576K
}
Event: 28.143 GC heap after
{Heap after GC invocations=27 (full 0):
 garbage-first heap   total 76800K, used 44388K [0x0000000084e00000, 0x0000000100000000)
  region size 1024K, 2 young (2048K), 2 survivors (2048K)
 Metaspace       used 88810K, committed 89344K, reserved 1179648K
  class space    used 12359K, committed 12608K, reserved 1048576K
}
Event: 29.126 GC heap before
{Heap before GC invocations=27 (full 0):
 garbage-first heap   total 76800K, used 60772K [0x0000000084e00000, 0x0000000100000000)
  region size 1024K, 19 young (19456K), 2 survivors (2048K)
 Metaspace       used 90786K, committed 91328K, reserved 1179648K
  class space    used 12622K, committed 12864K, reserved 1048576K
}
Event: 29.131 GC heap after
{Heap after GC invocations=28 (full 0):
 garbage-first heap   total 76800K, used 45937K [0x0000000084e00000, 0x0000000100000000)
  region size 1024K, 3 young (3072K), 3 survivors (3072K)
 Metaspace       used 90786K, committed 91328K, reserved 1179648K
  class space    used 12622K, committed 12864K, reserved 1048576K
}
Event: 30.072 GC heap before
{Heap before GC invocations=29 (full 0):
 garbage-first heap   total 80896K, used 62321K [0x0000000084e00000, 0x0000000100000000)
  region size 1024K, 19 young (19456K), 3 survivors (3072K)
 Metaspace       used 93155K, committed 93760K, reserved 1179648K
  class space    used 12986K, committed 13248K, reserved 1048576K
}
Event: 30.076 GC heap after
{Heap after GC invocations=30 (full 0):
 garbage-first heap   total 80896K, used 47323K [0x0000000084e00000, 0x0000000100000000)
  region size 1024K, 2 young (2048K), 2 survivors (2048K)
 Metaspace       used 93155K, committed 93760K, reserved 1179648K
  class space    used 12986K, committed 13248K, reserved 1048576K
}
Event: 30.877 GC heap before
{Heap before GC invocations=30 (full 0):
 garbage-first heap   total 80896K, used 64731K [0x0000000084e00000, 0x0000000100000000)
  region size 1024K, 20 young (20480K), 2 survivors (2048K)
 Metaspace       used 97415K, committed 97920K, reserved 1179648K
  class space    used 13379K, committed 13632K, reserved 1048576K
}
Event: 30.882 GC heap after
{Heap after GC invocations=31 (full 0):
 garbage-first heap   total 80896K, used 48471K [0x0000000084e00000, 0x0000000100000000)
  region size 1024K, 3 young (3072K), 3 survivors (3072K)
 Metaspace       used 97415K, committed 97920K, reserved 1179648K
  class space    used 13379K, committed 13632K, reserved 1048576K
}
Event: 31.742 GC heap before
{Heap before GC invocations=32 (full 0):
 garbage-first heap   total 86016K, used 64855K [0x0000000084e00000, 0x0000000100000000)
  region size 1024K, 20 young (20480K), 3 survivors (3072K)
 Metaspace       used 101555K, committed 102208K, reserved 1179648K
  class space    used 13848K, committed 14144K, reserved 1048576K
}
Event: 31.748 GC heap after
{Heap after GC invocations=33 (full 0):
 garbage-first heap   total 86016K, used 49333K [0x0000000084e00000, 0x0000000100000000)
  region size 1024K, 3 young (3072K), 3 survivors (3072K)
 Metaspace       used 101555K, committed 102208K, reserved 1179648K
  class space    used 13848K, committed 14144K, reserved 1048576K
}
Event: 32.686 GC heap before
{Heap before GC invocations=33 (full 0):
 garbage-first heap   total 86016K, used 68789K [0x0000000084e00000, 0x0000000100000000)
  region size 1024K, 23 young (23552K), 3 survivors (3072K)
 Metaspace       used 105778K, committed 106432K, reserved 1179648K
  class space    used 14430K, committed 14784K, reserved 1048576K
}
Event: 32.690 GC heap after
{Heap after GC invocations=34 (full 0):
 garbage-first heap   total 86016K, used 51231K [0x0000000084e00000, 0x0000000100000000)
  region size 1024K, 3 young (3072K), 3 survivors (3072K)
 Metaspace       used 105778K, committed 106432K, reserved 1179648K
  class space    used 14430K, committed 14784K, reserved 1048576K
}
Event: 34.583 GC heap before
{Heap before GC invocations=35 (full 0):
 garbage-first heap   total 91136K, used 68639K [0x0000000084e00000, 0x0000000100000000)
  region size 1024K, 21 young (21504K), 3 survivors (3072K)
 Metaspace       used 109784K, committed 110400K, reserved 1179648K
  class space    used 14939K, committed 15232K, reserved 1048576K
}
Event: 34.588 GC heap after
{Heap after GC invocations=36 (full 0):
 garbage-first heap   total 91136K, used 52273K [0x0000000084e00000, 0x0000000100000000)
  region size 1024K, 2 young (2048K), 2 survivors (2048K)
 Metaspace       used 109784K, committed 110400K, reserved 1179648K
  class space    used 14939K, committed 15232K, reserved 1048576K
}
Event: 34.684 GC heap before
{Heap before GC invocations=36 (full 0):
 garbage-first heap   total 91136K, used 54321K [0x0000000084e00000, 0x0000000100000000)
  region size 1024K, 4 young (4096K), 2 survivors (2048K)
 Metaspace       used 110335K, committed 110976K, reserved 1179648K
  class space    used 15006K, committed 15296K, reserved 1048576K
}
Event: 34.687 GC heap after
{Heap after GC invocations=37 (full 0):
 garbage-first heap   total 91136K, used 52569K [0x0000000084e00000, 0x0000000100000000)
  region size 1024K, 1 young (1024K), 1 survivors (1024K)
 Metaspace       used 110335K, committed 110976K, reserved 1179648K
  class space    used 15006K, committed 15296K, reserved 1048576K
}
Event: 48.657 GC heap before
{Heap before GC invocations=37 (full 0):
 garbage-first heap   total 91136K, used 75097K [0x0000000084e00000, 0x0000000100000000)
  region size 1024K, 23 young (23552K), 1 survivors (1024K)
 Metaspace       used 113663K, committed 114304K, reserved 1179648K
  class space    used 15327K, committed 15616K, reserved 1048576K
}
Event: 48.734 GC heap after
{Heap after GC invocations=38 (full 0):
 garbage-first heap   total 91136K, used 53469K [0x0000000084e00000, 0x0000000100000000)
  region size 1024K, 2 young (2048K), 2 survivors (2048K)
 Metaspace       used 113663K, committed 114304K, reserved 1179648K
  class space    used 15327K, committed 15616K, reserved 1048576K
}

Deoptimization events (20 events):
Event: 35.335 Thread 0x000001d997425270 DEOPT PACKING pc=0x000001d93ad5b4d6 sp=0x000000765affcea0
Event: 35.335 Thread 0x000001d997425270 DEOPT UNPACKING pc=0x000001d941c52b43 sp=0x000000765affc328 mode 0
Event: 35.342 Thread 0x000001d997425270 Uncommon trap: trap_request=0xffffff45 fr.pc=0x000001d9422b3760 relative=0x0000000000000460
Event: 35.342 Thread 0x000001d997425270 Uncommon trap: reason=unstable_if action=reinterpret pc=0x000001d9422b3760 method=java.util.HashMap.getNode(Ljava/lang/Object;)Ljava/util/HashMap$Node; @ 66 c2
Event: 35.342 Thread 0x000001d997425270 DEOPT PACKING pc=0x000001d9422b3760 sp=0x000000765affd230
Event: 35.342 Thread 0x000001d997425270 DEOPT UNPACKING pc=0x000001d941c523a3 sp=0x000000765affd0f0 mode 2
Event: 35.405 Thread 0x000001d997425270 DEOPT PACKING pc=0x000001d93ad5b4d6 sp=0x000000765affce80
Event: 35.405 Thread 0x000001d997425270 DEOPT UNPACKING pc=0x000001d941c52b43 sp=0x000000765affc308 mode 0
Event: 35.435 Thread 0x000001d997425270 DEOPT PACKING pc=0x000001d93ad5b4d6 sp=0x000000765affce80
Event: 35.435 Thread 0x000001d997425270 DEOPT UNPACKING pc=0x000001d941c52b43 sp=0x000000765affc308 mode 0
Event: 35.479 Thread 0x000001d997425270 DEOPT PACKING pc=0x000001d93ad5b4d6 sp=0x000000765affcf70
Event: 35.479 Thread 0x000001d997425270 DEOPT UNPACKING pc=0x000001d941c52b43 sp=0x000000765affc3f8 mode 0
Event: 39.576 Thread 0x000001d951e61f60 Uncommon trap: trap_request=0xffffff45 fr.pc=0x000001d942316dec relative=0x00000000000002ac
Event: 39.576 Thread 0x000001d951e61f60 Uncommon trap: reason=unstable_if action=reinterpret pc=0x000001d942316dec method=com.hazelcast.internal.serialization.impl.ByteArrayObjectDataInput.readUTFInternal()Ljava/lang/String; @ 7 c2
Event: 39.576 Thread 0x000001d951e61f60 DEOPT PACKING pc=0x000001d942316dec sp=0x000000765d3fe510
Event: 39.576 Thread 0x000001d951e61f60 DEOPT UNPACKING pc=0x000001d941c523a3 sp=0x000000765d3fe458 mode 2
Event: 39.576 Thread 0x000001d951e61f60 Uncommon trap: trap_request=0xffffff45 fr.pc=0x000001d942578cd4 relative=0x0000000000000294
Event: 39.576 Thread 0x000001d951e61f60 Uncommon trap: reason=unstable_if action=reinterpret pc=0x000001d942578cd4 method=com.hazelcast.internal.serialization.impl.ByteArrayObjectDataInput.readUTFInternal()Ljava/lang/String; @ 7 c2
Event: 39.576 Thread 0x000001d951e61f60 DEOPT PACKING pc=0x000001d942578cd4 sp=0x000000765d3fe4b0
Event: 39.576 Thread 0x000001d951e61f60 DEOPT UNPACKING pc=0x000001d941c523a3 sp=0x000000765d3fe458 mode 2

Classes unloaded (6 events):
Event: 49.241 Thread 0x000001d9511a2de0 Unloading class 0x000001d953e28000 'java/lang/invoke/LambdaForm$DMH+0x000001d953e28000'
Event: 49.242 Thread 0x000001d9511a2de0 Unloading class 0x000001d953e21c00 'java/lang/invoke/LambdaForm$DMH+0x000001d953e21c00'
Event: 49.242 Thread 0x000001d9511a2de0 Unloading class 0x000001d953e21000 'java/lang/invoke/LambdaForm$DMH+0x000001d953e21000'
Event: 49.242 Thread 0x000001d9511a2de0 Unloading class 0x000001d953e20c00 'java/lang/invoke/LambdaForm$DMH+0x000001d953e20c00'
Event: 49.243 Thread 0x000001d9511a2de0 Unloading class 0x000001d953e20400 'java/lang/invoke/LambdaForm$DMH+0x000001d953e20400'
Event: 49.243 Thread 0x000001d9511a2de0 Unloading class 0x000001d953e20000 'java/lang/invoke/LambdaForm$DMH+0x000001d953e20000'

Classes redefined (0 events):
No events

Internal exceptions (20 events):
Event: 31.586 Thread 0x000001d997425270 Exception <a 'java/lang/NoSuchMethodError'{0x00000000894444c8}: 'java.lang.Object java.lang.invoke.DirectMethodHandle$Holder.newInvokeSpecial(java.lang.Object, java.lang.Object, int, java.lang.Object, int)'> (0x00000000894444c8) 
thrown [s\open\src\hotspot\share\interpreter\linkResolver.cpp, line 759]
Event: 31.586 Thread 0x000001d997425270 Exception <a 'java/lang/NoSuchMethodError'{0x0000000089448580}: 'java.lang.Object java.lang.invoke.DirectMethodHandle$Holder.invokeSpecial(java.lang.Object, java.lang.Object, java.lang.Object, int, java.lang.Object, int)'> (0x0000000089448580) 
thrown [s\open\src\hotspot\share\interpreter\linkResolver.cpp, line 759]
Event: 31.827 Thread 0x000001d997425270 Exception <a 'java/lang/NoSuchMethodError'{0x000000008a0aadb8}: 'void java.lang.invoke.DirectMethodHandle$Holder.invokeStaticInit(java.lang.Object)'> (0x000000008a0aadb8) 
thrown [s\open\src\hotspot\share\interpreter\linkResolver.cpp, line 759]
Event: 31.913 Thread 0x000001d9976796c0 Implicit null exception at 0x000001d9424efcf2 to 0x000001d9424f02fc
Event: 31.913 Thread 0x000001d99767a5f0 Implicit null exception at 0x000001d9424efcf2 to 0x000001d9424f02fc
Event: 31.916 Thread 0x000001d997677d70 Implicit null exception at 0x000001d9424eb972 to 0x000001d9424ebfa0
Event: 32.386 Thread 0x000001d9976796c0 Exception <a 'java/lang/NoSuchMethodError'{0x00000000894d9ed8}: 'void java.lang.invoke.DirectMethodHandle$Holder.invokeSpecial(java.lang.Object, java.lang.Object, long, java.lang.Object, java.lang.Object)'> (0x00000000894d9ed8) 
thrown [s\open\src\hotspot\share\interpreter\linkResolver.cpp, line 759]
Event: 32.391 Thread 0x000001d99767a5f0 Exception <a 'java/lang/NoSuchMethodError'{0x00000000893154b0}: 'java.lang.Object java.lang.invoke.DirectMethodHandle$Holder.invokeVirtual(java.lang.Object, java.lang.Object, int)'> (0x00000000893154b0) 
thrown [s\open\src\hotspot\share\interpreter\linkResolver.cpp, line 759]
Event: 32.391 Thread 0x000001d997677d70 Exception <a 'java/lang/NoSuchMethodError'{0x0000000089317d80}: 'java.lang.Object java.lang.invoke.DirectMethodHandle$Holder.invokeVirtual(java.lang.Object, java.lang.Object, int)'> (0x0000000089317d80) 
thrown [s\open\src\hotspot\share\interpreter\linkResolver.cpp, line 759]
Event: 32.391 Thread 0x000001d9976796c0 Exception <a 'java/lang/NoSuchMethodError'{0x0000000089304850}: 'java.lang.Object java.lang.invoke.DirectMethodHandle$Holder.invokeVirtual(java.lang.Object, java.lang.Object, int)'> (0x0000000089304850) 
thrown [s\open\src\hotspot\share\interpreter\linkResolver.cpp, line 759]
Event: 32.420 Thread 0x000001d997425270 Exception <a 'java/lang/NoSuchMethodError'{0x0000000089285a00}: 'java.lang.Object java.lang.invoke.DirectMethodHandle$Holder.invokeInterface(java.lang.Object, java.lang.Object, java.lang.Object, java.lang.Object)'> (0x0000000089285a00) 
thrown [s\open\src\hotspot\share\interpreter\linkResolver.cpp, line 759]
Event: 32.724 Thread 0x000001d997425270 Exception <a 'java/lang/IncompatibleClassChangeError'{0x000000008c923820}: Found class java.lang.Object, but interface was expected> (0x000000008c923820) 
thrown [s\open\src\hotspot\share\interpreter\linkResolver.cpp, line 826]
Event: 33.080 Thread 0x000001d997425270 Exception <a 'java/lang/NoSuchMethodError'{0x000000008a156340}: 'double java.lang.invoke.DirectMethodHandle$Holder.invokeStatic(java.lang.Object, java.lang.Object, java.lang.Object, long)'> (0x000000008a156340) 
thrown [s\open\src\hotspot\share\interpreter\linkResolver.cpp, line 759]
Event: 33.086 Thread 0x000001d997425270 Exception <a 'java/lang/NoSuchMethodError'{0x000000008a179090}: 'void java.lang.invoke.DirectMethodHandle$Holder.invokeSpecial(java.lang.Object, java.lang.Object, java.lang.Object, java.lang.Object, java.lang.Object, java.lang.Object, java.lang.Object, java.lang.Object, java.lang.Object)'> (0x000000008a179090) 
thrown [s\open\src\hotspot\share\interpreter\linkResolver.cpp, line 759]
Event: 33.160 Thread 0x000001d99767ab00 Exception <a 'java/lang/IncompatibleClassChangeError'{0x000000008a0bd948}: Found class java.lang.Object, but interface was expected> (0x000000008a0bd948) 
thrown [s\open\src\hotspot\share\interpreter\linkResolver.cpp, line 826]
Event: 33.325 Thread 0x000001d99767ab00 Exception <a 'java/lang/NoSuchMethodError'{0x0000000089ffdb80}: 'java.lang.Object java.lang.invoke.DirectMethodHandle$Holder.newInvokeSpecial(java.lang.Object, java.lang.Object, java.lang.Object, java.lang.Object, int, long)'> (0x0000000089ffdb80) 
thrown [s\open\src\hotspot\share\interpreter\linkResolver.cpp, line 759]
Event: 35.156 Thread 0x000001d997425270 Exception <a 'java/lang/NoSuchMethodError'{0x0000000089e64b88}: static [B.<clinit>()V> (0x0000000089e64b88) 
thrown [s\open\src\hotspot\share\prims\jni.cpp, line 1107]
Event: 43.176 Thread 0x000001d9999e1510 Exception <a 'java/lang/NoSuchMethodError'{0x0000000089344130}: 'java.lang.Object java.lang.invoke.DirectMethodHandle$Holder.newInvokeSpecial(java.lang.Object, java.lang.Object, java.lang.Object, long)'> (0x0000000089344130) 
thrown [s\open\src\hotspot\share\interpreter\linkResolver.cpp, line 759]
Event: 43.178 Thread 0x000001d9999e1510 Exception <a 'java/lang/NoSuchMethodError'{0x0000000089349160}: 'java.lang.Object java.lang.invoke.DirectMethodHandle$Holder.invokeSpecial(java.lang.Object, java.lang.Object, java.lang.Object, java.lang.Object, long)'> (0x0000000089349160) 
thrown [s\open\src\hotspot\share\interpreter\linkResolver.cpp, line 759]
Event: 43.179 Thread 0x000001d9999e1510 Exception <a 'java/lang/NoSuchMethodError'{0x000000008934d598}: 'java.lang.Object java.lang.invoke.Invokers$Holder.linkToTargetMethod(java.lang.Object, java.lang.Object, long, java.lang.Object)'> (0x000000008934d598) 
thrown [s\open\src\hotspot\share\interpreter\linkResolver.cpp, line 759]

VM Operations (20 events):
Event: 38.728 Executing VM operation: Cleanup done
Event: 39.738 Executing VM operation: Cleanup
Event: 39.739 Executing VM operation: Cleanup done
Event: 40.745 Executing VM operation: Cleanup
Event: 40.745 Executing VM operation: Cleanup done
Event: 41.754 Executing VM operation: Cleanup
Event: 41.754 Executing VM operation: Cleanup done
Event: 42.765 Executing VM operation: Cleanup
Event: 42.766 Executing VM operation: Cleanup done
Event: 43.774 Executing VM operation: Cleanup
Event: 43.775 Executing VM operation: Cleanup done
Event: 44.784 Executing VM operation: Cleanup
Event: 44.784 Executing VM operation: Cleanup done
Event: 46.797 Executing VM operation: Cleanup
Event: 46.797 Executing VM operation: Cleanup done
Event: 47.812 Executing VM operation: Cleanup
Event: 47.812 Executing VM operation: Cleanup done
Event: 48.657 Executing VM operation: G1CollectForAllocation
Event: 48.736 Executing VM operation: G1CollectForAllocation done
Event: 49.240 Executing VM operation: G1Concurrent

Events (20 events):
Event: 35.553 loading class com/sun/beans/introspect/ClassInfo done
Event: 35.553 loading class com/sun/beans/introspect/ClassInfo$1
Event: 35.554 loading class com/sun/beans/util/Cache
Event: 35.555 loading class com/sun/beans/util/Cache done
Event: 35.555 loading class com/sun/beans/introspect/ClassInfo$1 done
Event: 35.555 loading class com/sun/beans/util/Cache$Kind
Event: 35.555 loading class com/sun/beans/util/Cache$Kind done
Event: 35.556 loading class com/sun/beans/util/Cache$Kind$1
Event: 35.556 loading class com/sun/beans/util/Cache$Kind$1 done
Event: 35.556 loading class com/sun/beans/util/Cache$Kind$2
Event: 35.557 loading class com/sun/beans/util/Cache$Kind$2 done
Event: 35.557 loading class com/sun/beans/util/Cache$Kind$3
Event: 35.557 loading class com/sun/beans/util/Cache$Kind$3 done
Event: 35.557 loading class com/sun/beans/util/Cache$CacheEntry
Event: 35.557 loading class com/sun/beans/util/Cache$CacheEntry done
Event: 35.560 Thread 0x000001d9974220e0 Thread exited: 0x000001d9974220e0
Event: 35.565 Thread 0x000001d932e493f0 Thread exited: 0x000001d932e493f0
Event: 35.566 Thread 0x000001d998ea9160 Thread added: 0x000001d998ea9160
Event: 37.784 Thread 0x000001d999e83b50 Thread added: 0x000001d999e83b50
Event: 38.615 Thread 0x000001d999e863d0 Thread added: 0x000001d999e863d0


Dynamic libraries:
0x00007ff62f5b0000 - 0x00007ff62f5c0000 	C:\Program Files\Java\jdk-17\bin\java.exe
0x00007ff9ea270000 - 0x00007ff9ea486000 	C:\WINDOWS\SYSTEM32\ntdll.dll
0x00007ff9e9220000 - 0x00007ff9e92e4000 	C:\WINDOWS\System32\KERNEL32.DLL
0x00007ff9e7960000 - 0x00007ff9e7d07000 	C:\WINDOWS\System32\KERNELBASE.dll
0x00007ff9e7390000 - 0x00007ff9e74b0000 	C:\Windows\system32\hmpalert.dll
0x00007ff9e7770000 - 0x00007ff9e7881000 	C:\WINDOWS\System32\ucrtbase.dll
0x00007ff9b48d0000 - 0x00007ff9b48e9000 	C:\Program Files\Java\jdk-17\bin\jli.dll
0x00007ff9e93a0000 - 0x00007ff9e9452000 	C:\WINDOWS\System32\ADVAPI32.dll
0x00007ff9e92f0000 - 0x00007ff9e9397000 	C:\WINDOWS\System32\msvcrt.dll
0x00007ff9e8880000 - 0x00007ff9e8928000 	C:\WINDOWS\System32\sechost.dll
0x00007ff9e7890000 - 0x00007ff9e78b8000 	C:\WINDOWS\System32\bcrypt.dll
0x00007ff9b57a0000 - 0x00007ff9b57bb000 	C:\Program Files\Java\jdk-17\bin\VCRUNTIME140.dll
0x00007ff9e8d00000 - 0x00007ff9e8e15000 	C:\WINDOWS\System32\RPCRT4.dll
0x00007ff9e8b40000 - 0x00007ff9e8cee000 	C:\WINDOWS\System32\USER32.dll
0x00007ff9e78c0000 - 0x00007ff9e78e6000 	C:\WINDOWS\System32\win32u.dll
0x00007ff9e7fa0000 - 0x00007ff9e7fc9000 	C:\WINDOWS\System32\GDI32.dll
0x00007ff9e7d10000 - 0x00007ff9e7e29000 	C:\WINDOWS\System32\gdi32full.dll
0x00007ff9e76d0000 - 0x00007ff9e776a000 	C:\WINDOWS\System32\msvcp_win.dll
0x00007ff9d8ad0000 - 0x00007ff9d8d63000 	C:\WINDOWS\WinSxS\amd64_microsoft.windows.common-controls_6595b64144ccf1df_6.0.22621.3235_none_270f74e173860f98\COMCTL32.dll
0x00007ff9e1720000 - 0x00007ff9e172a000 	C:\WINDOWS\SYSTEM32\VERSION.dll
0x00007ff9e8b00000 - 0x00007ff9e8b31000 	C:\WINDOWS\System32\IMM32.DLL
0x00007ff9d7ec0000 - 0x00007ff9d7ecc000 	C:\Program Files\Java\jdk-17\bin\vcruntime140_1.dll
0x00007ff9a0f10000 - 0x00007ff9a0f9e000 	C:\Program Files\Java\jdk-17\bin\msvcp140.dll
0x00007ff991be0000 - 0x00007ff9927c1000 	C:\Program Files\Java\jdk-17\bin\server\jvm.dll
0x00007ff9e8cf0000 - 0x00007ff9e8cf8000 	C:\WINDOWS\System32\PSAPI.DLL
0x00007ff9c1090000 - 0x00007ff9c1099000 	C:\WINDOWS\SYSTEM32\WSOCK32.dll
0x00007ff9e9140000 - 0x00007ff9e91b1000 	C:\WINDOWS\System32\WS2_32.dll
0x00007ff9e0ad0000 - 0x00007ff9e0b04000 	C:\WINDOWS\SYSTEM32\WINMM.dll
0x00007ff9e64c0000 - 0x00007ff9e64d8000 	C:\WINDOWS\SYSTEM32\kernel.appcore.dll
0x00007ff9b48a0000 - 0x00007ff9b48aa000 	C:\Program Files\Java\jdk-17\bin\jimage.dll
0x00007ff9e4d20000 - 0x00007ff9e4f53000 	C:\WINDOWS\SYSTEM32\DBGHELP.DLL
0x00007ff9e9db0000 - 0x00007ff9ea138000 	C:\WINDOWS\System32\combase.dll
0x00007ff9ea150000 - 0x00007ff9ea227000 	C:\WINDOWS\System32\OLEAUT32.dll
0x00007ff9e0740000 - 0x00007ff9e0772000 	C:\WINDOWS\SYSTEM32\dbgcore.DLL
0x00007ff9e7590000 - 0x00007ff9e7609000 	C:\WINDOWS\System32\bcryptPrimitives.dll
0x00007ff9e0900000 - 0x00007ff9e090e000 	C:\Program Files\Java\jdk-17\bin\instrument.dll
0x00007ff9a06a0000 - 0x00007ff9a06c5000 	C:\Program Files\Java\jdk-17\bin\java.dll
0x00007ff998e00000 - 0x00007ff998ed7000 	C:\Program Files\Java\jdk-17\bin\jsvml.dll
0x00007ff9e7fd0000 - 0x00007ff9e882c000 	C:\WINDOWS\System32\SHELL32.dll
0x00007ff9e53f0000 - 0x00007ff9e5ce9000 	C:\WINDOWS\SYSTEM32\windows.storage.dll
0x00007ff9e52b0000 - 0x00007ff9e53ee000 	C:\WINDOWS\SYSTEM32\wintypes.dll
0x00007ff9e94e0000 - 0x00007ff9e95d3000 	C:\WINDOWS\System32\SHCORE.dll
0x00007ff9e96b0000 - 0x00007ff9e970e000 	C:\WINDOWS\System32\shlwapi.dll
0x00007ff9e74c0000 - 0x00007ff9e74e1000 	C:\WINDOWS\SYSTEM32\profapi.dll
0x00007ff99fdb0000 - 0x00007ff99fdc8000 	C:\Program Files\Java\jdk-17\bin\zip.dll
0x00007ff9a0680000 - 0x00007ff9a0699000 	C:\Program Files\Java\jdk-17\bin\net.dll
0x00007ff9e1f60000 - 0x00007ff9e2096000 	C:\WINDOWS\SYSTEM32\WINHTTP.dll
0x00007ff9e6930000 - 0x00007ff9e6999000 	C:\WINDOWS\system32\mswsock.dll
0x00007ff9a0660000 - 0x00007ff9a0676000 	C:\Program Files\Java\jdk-17\bin\nio.dll
0x00007ff9d7980000 - 0x00007ff9d799a000 	C:\Program Files\JetBrains\IntelliJ IDEA Community Edition 2023.3\bin\breakgen64.dll
0x00007ff9e0bb0000 - 0x00007ff9e0bba000 	C:\Program Files\Java\jdk-17\bin\management.dll
0x00007ff9e0ba0000 - 0x00007ff9e0bab000 	C:\Program Files\Java\jdk-17\bin\management_ext.dll
0x00007ff9e0b90000 - 0x00007ff9e0b9e000 	C:\Program Files\Java\jdk-17\bin\sunmscapi.dll
0x00007ff9e7e30000 - 0x00007ff9e7f96000 	C:\WINDOWS\System32\CRYPT32.dll
0x00007ff9e6d40000 - 0x00007ff9e6d6e000 	C:\WINDOWS\SYSTEM32\ncrypt.dll
0x00007ff9e6d00000 - 0x00007ff9e6d37000 	C:\WINDOWS\SYSTEM32\NTASN1.dll
0x00007ff9e2700000 - 0x00007ff9e2710000 	C:\Program Files\Java\jdk-17\bin\verify.dll
0x00007ff9b41e0000 - 0x00007ff9b41e8000 	C:\WINDOWS\system32\wshunix.dll
0x00007ff9e6b80000 - 0x00007ff9e6b9b000 	C:\WINDOWS\SYSTEM32\CRYPTSP.dll
0x00007ff9e6420000 - 0x00007ff9e6455000 	C:\WINDOWS\system32\rsaenh.dll
0x00007ff9e6a20000 - 0x00007ff9e6a48000 	C:\WINDOWS\SYSTEM32\USERENV.dll
0x00007ff9e6ba0000 - 0x00007ff9e6bac000 	C:\WINDOWS\SYSTEM32\CRYPTBASE.dll
0x00007ff9e5f50000 - 0x00007ff9e5f7d000 	C:\WINDOWS\SYSTEM32\IPHLPAPI.DLL
0x00007ff9e95e0000 - 0x00007ff9e95e9000 	C:\WINDOWS\System32\NSI.dll
0x00007ff9e1c10000 - 0x00007ff9e1c29000 	C:\WINDOWS\SYSTEM32\dhcpcsvc6.DLL
0x00007ff9e1b40000 - 0x00007ff9e1b5f000 	C:\WINDOWS\SYSTEM32\dhcpcsvc.DLL
0x00007ff9e5fc0000 - 0x00007ff9e60b9000 	C:\WINDOWS\SYSTEM32\DNSAPI.dll
0x00007ff9e0d20000 - 0x00007ff9e0d2a000 	C:\Windows\System32\rasadhlp.dll
0x00007ff9e0d30000 - 0x00007ff9e0db3000 	C:\WINDOWS\System32\fwpuclnt.dll
0x00007ff9d6340000 - 0x00007ff9d6390000 	C:\WINDOWS\SYSTEM32\pdh.dll
0x00007ff9aa1e0000 - 0x00007ff9aa1f1000 	C:\WINDOWS\System32\perfproc.dll
0x00007ff9e0b80000 - 0x00007ff9e0b90000 	C:\WINDOWS\System32\perfos.dll
0x00007ff9e4630000 - 0x00007ff9e4640000 	C:\WINDOWS\SYSTEM32\pfclient.dll

dbghelp: loaded successfully - version: 4.0.5 - missing functions: none
symbol engine: initialized successfully - sym options: 0x614 - pdb path: .;C:\Program Files\Java\jdk-17\bin;C:\WINDOWS\SYSTEM32;C:\WINDOWS\WinSxS\amd64_microsoft.windows.common-controls_6595b64144ccf1df_6.0.22621.3235_none_270f74e173860f98;C:\Program Files\Java\jdk-17\bin\server;C:\Program Files\JetBrains\IntelliJ IDEA Community Edition 2023.3\bin

VM Arguments:
jvm_args: -javaagent:C:\Program Files\JetBrains\IntelliJ IDEA Community Edition 2023.3\lib\idea_rt.jar=55513:C:\Program Files\JetBrains\IntelliJ IDEA Community Edition 2023.3\bin -Dfile.encoding=UTF-8 
java_command: com.springosc.product.ProductServiceApplication
java_class_path (initial): C:\Users\Shivam Mishra\IdealProjects\OSC-Project\product-service\target\classes;C:\Users\Shivam Mishra\.m2\repository\org\springframework\boot\spring-boot-starter-data-jpa\3.2.1\spring-boot-starter-data-jpa-3.2.1.jar;C:\Users\Shivam Mishra\.m2\repository\org\springframework\boot\spring-boot-starter-aop\3.2.1\spring-boot-starter-aop-3.2.1.jar;C:\Users\Shivam Mishra\.m2\repository\org\springframework\spring-aop\6.1.2\spring-aop-6.1.2.jar;C:\Users\Shivam Mishra\.m2\repository\org\aspectj\aspectjweaver\1.9.21\aspectjweaver-1.9.21.jar;C:\Users\Shivam Mishra\.m2\repository\org\springframework\boot\spring-boot-starter-jdbc\3.2.1\spring-boot-starter-jdbc-3.2.1.jar;C:\Users\Shivam Mishra\.m2\repository\com\zaxxer\HikariCP\5.0.1\HikariCP-5.0.1.jar;C:\Users\Shivam Mishra\.m2\repository\org\springframework\spring-jdbc\6.1.2\spring-jdbc-6.1.2.jar;C:\Users\Shivam Mishra\.m2\repository\org\hibernate\orm\hibernate-core\6.4.1.Final\hibernate-core-6.4.1.Final.jar;C:\Users\Shivam Mishra\.m2\repository\jakarta\persistence\jakarta.persistence-api\3.1.0\jakarta.persistence-api-3.1.0.jar;C:\Users\Shivam Mishra\.m2\repository\jakarta\transaction\jakarta.transaction-api\2.0.1\jakarta.transaction-api-2.0.1.jar;C:\Users\Shivam Mishra\.m2\repository\org\jboss\logging\jboss-logging\3.5.3.Final\jboss-logging-3.5.3.Final.jar;C:\Users\Shivam Mishra\.m2\repository\org\hibernate\common\hibernate-commons-annotations\6.0.6.Final\hibernate-commons-annotations-6.0.6.Final.jar;C:\Users\Shivam Mishra\.m2\repository\io\smallrye\jandex\3.1.2\jandex-3.1.2.jar;C:\Users\Shivam Mishra\.m2\repository\com\fasterxml\classmate\1.6.0\classmate-1.6.0.jar;C:\Users\Shivam Mishra\.m2\repository\net\bytebuddy\byte-buddy\1.14.10\byte-buddy-1.14.10.jar;C:\Users\Shivam Mishra\.m2\repository\org\glassfish\jaxb\jaxb-runtime\4.0.4\jaxb-runtime-4.0.4.jar;C:\Users\Shivam Mishra\.m2\repository\org\glassfish\jaxb\jaxb-core\4.0.4\jaxb-core-4.0.4.jar;C:\Users\Shivam Mishra\.m2\repository\org\eclipse\angu
Launcher Type: SUN_STANDARD

[Global flags]
     intx CICompilerCount                          = 4                                         {product} {ergonomic}
     uint ConcGCThreads                            = 3                                         {product} {ergonomic}
     uint G1ConcRefinementThreads                  = 10                                        {product} {ergonomic}
   size_t G1HeapRegionSize                         = 1048576                                   {product} {ergonomic}
    uintx GCDrainStackTargetSize                   = 64                                        {product} {ergonomic}
   size_t InitialHeapSize                          = 130023424                                 {product} {ergonomic}
   size_t MarkStackSize                            = 4194304                                   {product} {ergonomic}
   size_t MaxHeapSize                              = 2065694720                                {product} {ergonomic}
   size_t MaxNewSize                               = 1239416832                                {product} {ergonomic}
   size_t MinHeapDeltaBytes                        = 1048576                                   {product} {ergonomic}
   size_t MinHeapSize                              = 8388608                                   {product} {ergonomic}
    uintx NonNMethodCodeHeapSize                   = 5839372                                {pd product} {ergonomic}
    uintx NonProfiledCodeHeapSize                  = 122909434                              {pd product} {ergonomic}
    uintx ProfiledCodeHeapSize                     = 122909434                              {pd product} {ergonomic}
    uintx ReservedCodeCacheSize                    = 251658240                              {pd product} {ergonomic}
     bool SegmentedCodeCache                       = true                                      {product} {ergonomic}
   size_t SoftMaxHeapSize                          = 2065694720                             {manageable} {ergonomic}
     bool UseCompressedClassPointers               = true                           {product lp64_product} {ergonomic}
     bool UseCompressedOops                        = true                           {product lp64_product} {ergonomic}
     bool UseG1GC                                  = true                                      {product} {ergonomic}
     bool UseLargePagesIndividualAllocation        = false                                  {pd product} {ergonomic}

Logging:
Log output configuration:
 #0: stdout all=warning uptime,level,tags
 #1: stderr all=off uptime,level,tags

Environment Variables:
JAVA_HOME=C:\Program Files\Java\jdk-17
PATH=C:\Program Files\Common Files\Oracle\Java\javapath;C:\WINDOWS\system32;C:\WINDOWS;C:\WINDOWS\System32\Wbem;C:\WINDOWS\System32\WindowsPowerShell\v1.0\;C:\WINDOWS\System32\OpenSSH\;C:\Program Files\Java\jdk-17\bin;C:\Program Files\nodejs\;C:\apache-maven-3.9.6\bin;C:\Program Files\MySQL\MySQL Shell 8.0\bin\;C:\Users\Shivam Mishra\AppData\Local\Microsoft\WindowsApps;C:\Users\Shivam Mishra\AppData\Local\Programs\Microsoft VS Code\bin;C:\Program Files\JetBrains\IntelliJ IDEA Community Edition 2023.3\bin;;C:\Users\Shivam Mishra\AppData\Roaming\npm;C:\Program Files\Java\jdk-17\bin;C:\apache-maven-3.9.6\bin;
USERNAME=Shivam Mishra
OS=Windows_NT
PROCESSOR_IDENTIFIER=Intel64 Family 6 Model 186 Stepping 3, GenuineIntel



---------------  S Y S T E M  ---------------

OS:
 Windows 11 , 64 bit Build 22621 (10.0.22621.3374)
OS uptime: 3 days 2:06 hours

CPU: total 12 (initial active 12) (6 cores per cpu, 2 threads per core) family 6 model 186 stepping 3 microcode 0x4114, cx8, cmov, fxsr, ht, mmx, 3dnowpref, sse, sse2, sse3, ssse3, sse4.1, sse4.2, popcnt, lzcnt, tsc, tscinvbit, avx, avx2, aes, erms, clmul, bmi1, bmi2, adx, sha, fma, vzeroupper, clflush, clflushopt, clwb

Memory: 4k page, system-wide physical 7876M (10M free)
TotalPageFile size 24889M (AvailPageFile size 4M)
current process WorkingSet (physical memory assigned to process): 224M, peak: 351M
current process commit charge ("private bytes"): 406M, peak: 426M

vm_info: Java HotSpot(TM) 64-Bit Server VM (17.0.9+11-LTS-201) for windows-amd64 JRE (17.0.9+11-LTS-201), built on Oct 10 2023 23:16:06 by "mach5one" with MS VC++ 17.1 (VS2022)

END.
